# JRE version: OpenJDK Runtime Environment (17.0.10) (build 17.0.10+0--11572160)
# Java VM: OpenJDK 64-Bit Server VM (17.0.10+0--11572160, mixed mode, tiered, compressed oops, compressed class ptrs, g1 gc, windows-amd64)
GC Precious Log:
 CPUs: 12 total, 12 available
 Memory: 16069M
 Large Page Support: Disabled
 NUMA Support: Disabled
 Compressed Oops: Enabled (32-bit)
 Heap Region Size: 1M
 Heap Min Capacity: 8M
 Heap Initial Capacity: 252M
 Heap Max Capacity: 2G
 Pre-touch: Disabled
 Parallel Workers: 10
 Concurrent Workers: 3
 Concurrent Refinement Workers: 10
 Periodic GC: Disabled
Heap:
 garbage-first heap   total 485376K, used 223648K [0x0000000080000000, 0x0000000100000000)
  region size 1024K, 5 young (5120K), 5 survivors (5120K)
 Metaspace       used 125070K, committed 125888K, reserved 1179648K
  class space    used 17489K, committed 17856K, reserved 1048576K
GC Heap History (20 events):
Event: 17.879 GC heap after
{Heap after GC invocations=45 (full 0):
 garbage-first heap   total 485376K, used 208422K [0x0000000080000000, 0x0000000100000000)
  region size 1024K, 4 young (4096K), 4 survivors (4096K)
 Metaspace       used 111093K, committed 111872K, reserved 1179648K
  class space    used 15755K, committed 16128K, reserved 1048576K
}
Event: 17.900 GC heap before
{Heap before GC invocations=45 (full 0):
 garbage-first heap   total 485376K, used 212518K [0x0000000080000000, 0x0000000100000000)
  region size 1024K, 9 young (9216K), 4 survivors (4096K)
 Metaspace       used 111137K, committed 111872K, reserved 1179648K
  class space    used 15755K, committed 16128K, reserved 1048576K
}
Event: 17.903 GC heap after
{Heap after GC invocations=46 (full 0):
 garbage-first heap   total 485376K, used 205882K [0x0000000080000000, 0x0000000100000000)
  region size 1024K, 1 young (1024K), 1 survivors (1024K)
 Metaspace       used 111137K, committed 111872K, reserved 1179648K
  class space    used 15755K, committed 16128K, reserved 1048576K
}
Event: 18.589 GC heap before
{Heap before GC invocations=47 (full 0):
 garbage-first heap   total 485376K, used 369593K [0x0000000080000000, 0x0000000100000000)
  region size 1024K, 161 young (164864K), 1 survivors (1024K)
 Metaspace       used 111659K, committed 112384K, reserved 1179648K
  class space    used 15814K, committed 16192K, reserved 1048576K
}
Event: 18.596 GC heap after
{Heap after GC invocations=48 (full 0):
 garbage-first heap   total 485376K, used 211368K [0x0000000080000000, 0x0000000100000000)
  region size 1024K, 6 young (6144K), 6 survivors (6144K)
 Metaspace       used 111659K, committed 112384K, reserved 1179648K
  class space    used 15814K, committed 16192K, reserved 1048576K
}
Event: 18.640 GC heap before
{Heap before GC invocations=48 (full 0):
 garbage-first heap   total 485376K, used 228776K [0x0000000080000000, 0x0000000100000000)
  region size 1024K, 23 young (23552K), 6 survivors (6144K)
 Metaspace       used 111659K, committed 112384K, reserved 1179648K
  class space    used 15814K, committed 16192K, reserved 1048576K
}
Event: 18.646 GC heap after
{Heap after GC invocations=49 (full 0):
 garbage-first heap   total 485376K, used 206718K [0x0000000080000000, 0x0000000100000000)
  region size 1024K, 1 young (1024K), 1 survivors (1024K)
 Metaspace       used 111659K, committed 112384K, reserved 1179648K
  class space    used 15814K, committed 16192K, reserved 1048576K
}
Event: 18.969 GC heap before
{Heap before GC invocations=49 (full 0):
 garbage-first heap   total 485376K, used 292734K [0x0000000080000000, 0x0000000100000000)
  region size 1024K, 86 young (88064K), 1 survivors (1024K)
 Metaspace       used 111733K, committed 112512K, reserved 1179648K
  class space    used 15825K, committed 16192K, reserved 1048576K
}
Event: 18.971 GC heap after
{Heap after GC invocations=50 (full 0):
 garbage-first heap   total 485376K, used 205526K [0x0000000080000000, 0x0000000100000000)
  region size 1024K, 2 young (2048K), 2 survivors (2048K)
 Metaspace       used 111733K, committed 112512K, reserved 1179648K
  class space    used 15825K, committed 16192K, reserved 1048576K
}
Event: 19.980 GC heap before
{Heap before GC invocations=51 (full 0):
 garbage-first heap   total 485376K, used 406230K [0x0000000080000000, 0x0000000100000000)
  region size 1024K, 178 young (182272K), 2 survivors (2048K)
 Metaspace       used 118999K, committed 119808K, reserved 1179648K
  class space    used 16730K, committed 17088K, reserved 1048576K
}
Event: 19.986 GC heap after
{Heap after GC invocations=52 (full 0):
 garbage-first heap   total 485376K, used 237193K [0x0000000080000000, 0x0000000100000000)
  region size 1024K, 13 young (13312K), 13 survivors (13312K)
 Metaspace       used 118999K, committed 119808K, reserved 1179648K
  class space    used 16730K, committed 17088K, reserved 1048576K
}
Event: 20.050 GC heap before
{Heap before GC invocations=52 (full 0):
 garbage-first heap   total 485376K, used 247433K [0x0000000080000000, 0x0000000100000000)
  region size 1024K, 23 young (23552K), 13 survivors (13312K)
 Metaspace       used 119266K, committed 120064K, reserved 1179648K
  class space    used 16777K, committed 17152K, reserved 1048576K
}
Event: 20.054 GC heap after
{Heap after GC invocations=53 (full 0):
 garbage-first heap   total 485376K, used 232741K [0x0000000080000000, 0x0000000100000000)
  region size 1024K, 2 young (2048K), 2 survivors (2048K)
 Metaspace       used 119266K, committed 120064K, reserved 1179648K
  class space    used 16777K, committed 17152K, reserved 1048576K
}
Event: 20.156 GC heap before
{Heap before GC invocations=53 (full 0):
 garbage-first heap   total 485376K, used 250149K [0x0000000080000000, 0x0000000100000000)
  region size 1024K, 20 young (20480K), 2 survivors (2048K)
 Metaspace       used 119473K, committed 120256K, reserved 1179648K
  class space    used 16793K, committed 17152K, reserved 1048576K
}
Event: 20.159 GC heap after
{Heap after GC invocations=54 (full 0):
 garbage-first heap   total 485376K, used 234903K [0x0000000080000000, 0x0000000100000000)
  region size 1024K, 4 young (4096K), 4 survivors (4096K)
 Metaspace       used 119473K, committed 120256K, reserved 1179648K
  class space    used 16793K, committed 17152K, reserved 1048576K
}
Event: 46.712 GC heap before
{Heap before GC invocations=55 (full 0):
 garbage-first heap   total 485376K, used 415127K [0x0000000080000000, 0x0000000100000000)
  region size 1024K, 160 young (163840K), 4 survivors (4096K)
 Metaspace       used 124240K, committed 125056K, reserved 1179648K
  class space    used 17384K, committed 17792K, reserved 1048576K
}
Event: 46.719 GC heap after
{Heap after GC invocations=56 (full 0):
 garbage-first heap   total 485376K, used 246868K [0x0000000080000000, 0x0000000100000000)
  region size 1024K, 14 young (14336K), 14 survivors (14336K)
 Metaspace       used 124240K, committed 125056K, reserved 1179648K
  class space    used 17384K, committed 17792K, reserved 1048576K
}
Event: 46.764 GC heap before
{Heap before GC invocations=56 (full 0):
 garbage-first heap   total 485376K, used 255060K [0x0000000080000000, 0x0000000100000000)
  region size 1024K, 23 young (23552K), 14 survivors (14336K)
 Metaspace       used 124464K, committed 125248K, reserved 1179648K
  class space    used 17416K, committed 17792K, reserved 1048576K
}
Event: 46.775 GC heap after
{Heap after GC invocations=57 (full 0):
 garbage-first heap   total 485376K, used 222094K [0x0000000080000000, 0x0000000100000000)
  region size 1024K, 3 young (3072K), 3 survivors (3072K)
 Metaspace       used 124464K, committed 125248K, reserved 1179648K
  class space    used 17416K, committed 17792K, reserved 1048576K
}
Event: 47.117 GC heap before
{Heap before GC invocations=57 (full 0):
 garbage-first heap   total 485376K, used 252814K [0x0000000080000000, 0x0000000100000000)
  region size 1024K, 35 young (35840K), 3 survivors (3072K)
 Metaspace       used 125070K, committed 125888K, reserved 1179648K
  class space    used 17489K, committed 17856K, reserved 1048576K
}

