# JRE version: OpenJDK Runtime Environment (17.0.10) (build 17.0.10+0--11572160)
# Java VM: OpenJDK 64-Bit Server VM (17.0.10+0--11572160, mixed mode, tiered, compressed oops, compressed class ptrs, g1 gc, windows-amd64)
GC Precious Log:
 CPUs: 12 total, 12 available
 Memory: 16069M
 Large Page Support: Disabled
 NUMA Support: Disabled
 Compressed Oops: Enabled (32-bit)
 Heap Region Size: 1M
 Heap Min Capacity: 8M
 Heap Initial Capacity: 252M
 Heap Max Capacity: 2G
 Pre-touch: Disabled
 Parallel Workers: 10
 Concurrent Workers: 3
 Concurrent Refinement Workers: 10
 Periodic GC: Disabled
Heap:
 garbage-first heap   total 386048K, used 318869K [0x0000000080000000, 0x0000000100000000)
  region size 1024K, 38 young (38912K), 5 survivors (5120K)
 Metaspace       used 192282K, committed 193600K, reserved 1245184K
  class space    used 24807K, committed 25472K, reserved 1048576K
GC Heap History (20 events):
Event: 3100.189 GC heap before
{Heap before GC invocations=53 (full 0):
 garbage-first heap   total 386048K, used 322409K [0x0000000080000000, 0x0000000100000000)
  region size 1024K, 112 young (114688K), 11 survivors (11264K)
 Metaspace       used 178183K, committed 179392K, reserved 1245184K
  class space    used 23250K, committed 23808K, reserved 1048576K
}
Event: 3100.202 GC heap after
{Heap after GC invocations=54 (full 0):
 garbage-first heap   total 386048K, used 222776K [0x0000000080000000, 0x0000000100000000)
  region size 1024K, 9 young (9216K), 9 survivors (9216K)
 Metaspace       used 178183K, committed 179392K, reserved 1245184K
  class space    used 23250K, committed 23808K, reserved 1048576K
}
Event: 3101.437 GC heap before
{Heap before GC invocations=54 (full 0):
 garbage-first heap   total 386048K, used 324152K [0x0000000080000000, 0x0000000100000000)
  region size 1024K, 109 young (111616K), 9 survivors (9216K)
 Metaspace       used 180911K, committed 182144K, reserved 1245184K
  class space    used 23632K, committed 24192K, reserved 1048576K
}
Event: 3101.446 GC heap after
{Heap after GC invocations=55 (full 0):
 garbage-first heap   total 386048K, used 231405K [0x0000000080000000, 0x0000000100000000)
  region size 1024K, 14 young (14336K), 14 survivors (14336K)
 Metaspace       used 180911K, committed 182144K, reserved 1245184K
  class space    used 23632K, committed 24192K, reserved 1048576K
}
Event: 3102.746 GC heap before
{Heap before GC invocations=55 (full 0):
 garbage-first heap   total 386048K, used 338925K [0x0000000080000000, 0x0000000100000000)
  region size 1024K, 103 young (105472K), 14 survivors (14336K)
 Metaspace       used 183425K, committed 184640K, reserved 1245184K
  class space    used 23876K, committed 24448K, reserved 1048576K
}
Event: 3102.763 GC heap after
{Heap after GC invocations=56 (full 0):
 garbage-first heap   total 386048K, used 257950K [0x0000000080000000, 0x0000000100000000)
  region size 1024K, 13 young (13312K), 13 survivors (13312K)
 Metaspace       used 183425K, committed 184640K, reserved 1245184K
  class space    used 23876K, committed 24448K, reserved 1048576K
}
Event: 3103.414 GC heap before
{Heap before GC invocations=56 (full 0):
 garbage-first heap   total 386048K, used 331678K [0x0000000080000000, 0x0000000100000000)
  region size 1024K, 69 young (70656K), 13 survivors (13312K)
 Metaspace       used 183857K, committed 185088K, reserved 1245184K
  class space    used 23910K, committed 24512K, reserved 1048576K
}
Event: 3103.430 GC heap after
{Heap after GC invocations=57 (full 0):
 garbage-first heap   total 386048K, used 267286K [0x0000000080000000, 0x0000000100000000)
  region size 1024K, 7 young (7168K), 7 survivors (7168K)
 Metaspace       used 183857K, committed 185088K, reserved 1245184K
  class space    used 23910K, committed 24512K, reserved 1048576K
}
Event: 3104.048 GC heap before
{Heap before GC invocations=57 (full 0):
 garbage-first heap   total 386048K, used 318486K [0x0000000080000000, 0x0000000100000000)
  region size 1024K, 58 young (59392K), 7 survivors (7168K)
 Metaspace       used 187106K, committed 188352K, reserved 1245184K
  class space    used 24212K, committed 24768K, reserved 1048576K
}
Event: 3104.058 GC heap after
{Heap after GC invocations=58 (full 0):
 garbage-first heap   total 386048K, used 273848K [0x0000000080000000, 0x0000000100000000)
  region size 1024K, 7 young (7168K), 7 survivors (7168K)
 Metaspace       used 187106K, committed 188352K, reserved 1245184K
  class space    used 24212K, committed 24768K, reserved 1048576K
}
Event: 3104.270 GC heap before
{Heap before GC invocations=58 (full 0):
 garbage-first heap   total 386048K, used 321976K [0x0000000080000000, 0x0000000100000000)
  region size 1024K, 55 young (56320K), 7 survivors (7168K)
 Metaspace       used 187727K, committed 188992K, reserved 1245184K
  class space    used 24261K, committed 24832K, reserved 1048576K
}
Event: 3104.276 GC heap after
{Heap after GC invocations=59 (full 0):
 garbage-first heap   total 386048K, used 274333K [0x0000000080000000, 0x0000000100000000)
  region size 1024K, 2 young (2048K), 2 survivors (2048K)
 Metaspace       used 187727K, committed 188992K, reserved 1245184K
  class space    used 24261K, committed 24832K, reserved 1048576K
}
Event: 3104.628 GC heap before
{Heap before GC invocations=59 (full 0):
 garbage-first heap   total 386048K, used 325533K [0x0000000080000000, 0x0000000100000000)
  region size 1024K, 53 young (54272K), 2 survivors (2048K)
 Metaspace       used 188894K, committed 190144K, reserved 1245184K
  class space    used 24396K, committed 25024K, reserved 1048576K
}
Event: 3104.633 GC heap after
{Heap after GC invocations=60 (full 0):
 garbage-first heap   total 386048K, used 278562K [0x0000000080000000, 0x0000000100000000)
  region size 1024K, 6 young (6144K), 6 survivors (6144K)
 Metaspace       used 188894K, committed 190144K, reserved 1245184K
  class space    used 24396K, committed 25024K, reserved 1048576K
}
Event: 3105.092 GC heap before
{Heap before GC invocations=60 (full 0):
 garbage-first heap   total 386048K, used 327714K [0x0000000080000000, 0x0000000100000000)
  region size 1024K, 55 young (56320K), 6 survivors (6144K)
 Metaspace       used 190129K, committed 191424K, reserved 1245184K
  class space    used 24536K, committed 25216K, reserved 1048576K
}
Event: 3105.108 GC heap after
{Heap after GC invocations=61 (full 0):
 garbage-first heap   total 386048K, used 281075K [0x0000000080000000, 0x0000000100000000)
  region size 1024K, 3 young (3072K), 3 survivors (3072K)
 Metaspace       used 190129K, committed 191424K, reserved 1245184K
  class space    used 24536K, committed 25216K, reserved 1048576K
}
Event: 3105.497 GC heap before
{Heap before GC invocations=61 (full 0):
 garbage-first heap   total 386048K, used 329203K [0x0000000080000000, 0x0000000100000000)
  region size 1024K, 51 young (52224K), 3 survivors (3072K)
 Metaspace       used 190651K, committed 192000K, reserved 1245184K
  class space    used 24599K, committed 25280K, reserved 1048576K
}
Event: 3105.502 GC heap after
{Heap after GC invocations=62 (full 0):
 garbage-first heap   total 386048K, used 284720K [0x0000000080000000, 0x0000000100000000)
  region size 1024K, 7 young (7168K), 7 survivors (7168K)
 Metaspace       used 190651K, committed 192000K, reserved 1245184K
  class space    used 24599K, committed 25280K, reserved 1048576K
}
Event: 3105.762 GC heap before
{Heap before GC invocations=62 (full 0):
 garbage-first heap   total 386048K, used 329776K [0x0000000080000000, 0x0000000100000000)
  region size 1024K, 52 young (53248K), 7 survivors (7168K)
 Metaspace       used 191708K, committed 193088K, reserved 1245184K
  class space    used 24738K, committed 25408K, reserved 1048576K
}
Event: 3105.767 GC heap after
{Heap after GC invocations=63 (full 0):
 garbage-first heap   total 386048K, used 287125K [0x0000000080000000, 0x0000000100000000)
  region size 1024K, 5 young (5120K), 5 survivors (5120K)
 Metaspace       used 191708K, committed 193088K, reserved 1245184K
  class space    used 24738K, committed 25408K, reserved 1048576K
}

